[0m10:46:04.803697 [debug] [MainThread]: Sending event: {'category': 'dbt', 'action': 'invocation', 'label': 'start', 'context': [<snowplow_tracker.self_describing_json.SelfDescribingJson object at 0x754adb02a590>, <snowplow_tracker.self_describing_json.SelfDescribingJson object at 0x754adb1e4750>, <snowplow_tracker.self_describing_json.SelfDescribingJson object at 0x754adb001250>]}


============================== 10:46:04.805913 | 5252062a-4dd1-4ad0-aa81-a4b282e51a1b ==============================
[0m10:46:04.805913 [info ] [MainThread]: Running with dbt=1.9.3
[0m10:46:04.806367 [debug] [MainThread]: running dbt with arguments {'printer_width': '80', 'indirect_selection': 'eager', 'log_cache_events': 'False', 'write_json': 'True', 'partial_parse': 'True', 'cache_selected_only': 'False', 'warn_error': 'None', 'fail_fast': 'False', 'version_check': 'True', 'log_path': 'logs', 'debug': 'False', 'profiles_dir': '/home/luccasoares/.dbt', 'use_colors': 'True', 'use_experimental_parser': 'False', 'empty': 'None', 'quiet': 'False', 'no_print': 'None', 'log_format': 'default', 'invocation_command': 'dbt init jaffle_shop', 'static_parser': 'True', 'introspect': 'True', 'target_path': 'None', 'warn_error_options': 'WarnErrorOptions(include=[], exclude=[])', 'send_anonymous_usage_stats': 'True'}
[0m10:46:04.811856 [warn ] [MainThread]: [ConfigFolderDirectory]: Unable to parse logging event dictionary. Failed to parse dir field: expected string or bytes-like object, got 'PosixPath'.. Dictionary: {'dir': PosixPath('/home/luccasoares/.dbt')}
[0m10:46:04.812244 [info ] [MainThread]: Creating dbt configuration folder at 
[0m10:46:04.813249 [debug] [MainThread]: Starter project path: /home/luccasoares/personal_projects/air-boltic/air-env/lib/python3.11/site-packages/dbt/include/starter_project
[0m10:46:04.815098 [info ] [MainThread]: 
Your new dbt project "jaffle_shop" was created!

For more information on how to configure the profiles.yml file,
please consult the dbt documentation here:

  https://docs.getdbt.com/docs/configure-your-profile

One more thing:

Need help? Don't hesitate to reach out to us via GitHub issues or on Slack:

  https://community.getdbt.com/

Happy modeling!

[0m10:46:04.815531 [info ] [MainThread]: Setting up your profile.
[0m10:46:04.816126 [error] [MainThread]: Encountered an error:
Runtime Error
  No adapters available. Learn how to install an adapter by going to https://docs.getdbt.com/docs/connect-adapters#install-using-the-cli
[0m10:46:04.817356 [debug] [MainThread]: Resource report: {"command_name": "init", "command_success": false, "command_wall_clock_time": 0.047402103, "process_in_blocks": "112", "process_kernel_time": 0.086727, "process_mem_max_rss": "92096", "process_out_blocks": "64", "process_user_time": 0.859302}
[0m10:46:04.817764 [debug] [MainThread]: Command `dbt init` failed at 10:46:04.817670 after 0.05 seconds
[0m10:46:04.818244 [debug] [MainThread]: Sending event: {'category': 'dbt', 'action': 'invocation', 'label': 'end', 'context': [<snowplow_tracker.self_describing_json.SelfDescribingJson object at 0x754adb02afd0>, <snowplow_tracker.self_describing_json.SelfDescribingJson object at 0x754adb01aad0>, <snowplow_tracker.self_describing_json.SelfDescribingJson object at 0x754adebb4e90>]}
[0m10:46:04.818752 [debug] [MainThread]: Flushing usage events
[0m10:46:05.630518 [debug] [MainThread]: An error was encountered while trying to flush usage events
